
==================================================
2026-06-28 18:00:49
Nieoczekiwany blad programu.
Traceback (most recent call last):
  File "C:\AI_PROJECTS\Metin_HARD\deployment_V2\main.py", line 211, in main
    entries = scrape_sales_logs(page, char, config)
  File "C:\AI_PROJECTS\Metin_HARD\deployment_V2\src\scraper.py", line 106, in scrape_sales_logs
    _go_to_next_page(page, config)
    ~~~~~~~~~~~~~~~~^^^^^^^^^^^^^^
  File "C:\AI_PROJECTS\Metin_HARD\deployment_V2\src\scraper.py", line 440, in _go_to_next_page
    if page.locator('input[name="pass"]').is_visible():
       ~~~~~~~~~~~~~~~~~~~~~~~~~~~~~~~~~~~~~~~~~~~~~^^
  File "C:\Users\Pablo\AppData\Roaming\Python\Python314\site-packages\playwright\sync_api\_generated.py", line 17135, in is_visible
    self._sync(self._impl_obj.is_visible(timeout=timeout))
    ~~~~~~~~~~^^^^^^^^^^^^^^^^^^^^^^^^^^^^^^^^^^^^^^^^^^^^
  File "C:\Users\Pablo\AppData\Roaming\Python\Python314\site-packages\playwright\_impl\_sync_base.py", line 115, in _sync
    return task.result()
           ~~~~~~~~~~~^^
  File "C:\Users\Pablo\AppData\Roaming\Python\Python314\site-packages\playwright\_impl\_locator.py", line 506, in is_visible
    return await self._frame.is_visible(
           ^^^^^^^^^^^^^^^^^^^^^^^^^^^^^
    ...<3 lines>...
    )
    ^
  File "C:\Users\Pablo\AppData\Roaming\Python\Python314\site-packages\playwright\_impl\_frame.py", line 354, in is_visible
    return await self._channel.send("isVisible", locals_to_params(locals()))
           ^^^^^^^^^^^^^^^^^^^^^^^^^^^^^^^^^^^^^^^^^^^^^^^^^^^^^^^^^^^^^^^^^
  File "C:\Users\Pablo\AppData\Roaming\Python\Python314\site-packages\playwright\_impl\_connection.py", line 61, in send
    return await self._connection.wrap_api_call(
           ^^^^^^^^^^^^^^^^^^^^^^^^^^^^^^^^^^^^^
    ...<2 lines>...
    )
    ^
  File "C:\Users\Pablo\AppData\Roaming\Python\Python314\site-packages\playwright\_impl\_connection.py", line 528, in wrap_api_call
    raise rewrite_error(error, f"{parsed_st['apiName']}: {error}") from None
playwright._impl._errors.TargetClosedError: Locator.is_visible: Target page, context or browser has been closed
